<?xml version="1.0" encoding="UTF-8"?>
<!-- Generated by org.testng.reporters.JUnitReportReporter -->
<testsuite hostname="LAPTOP-AGU9E2S5" failures="0" tests="2" name="com.dsalgo.qa.testcases.SigninPageTest" time="7.842" errors="0" timestamp="2022-08-26T20:34:32 CDT" skipped="0">
  <testcase classname="com.dsalgo.qa.testcases.SigninPageTest" name="clickonSignin" time="3.445"/>
  <system-out/>
  <testcase classname="com.dsalgo.qa.testcases.SigninPageTest" name="loginTest" time="4.397"/>
  <system-out/>
</testsuite> <!-- com.dsalgo.qa.testcases.SigninPageTest -->
