<?xml version="1.0" encoding="UTF-8"?>
<!-- Generated by org.testng.reporters.JUnitReportReporter -->
<testsuite hostname="LAPTOP-AGU9E2S5" failures="0" tests="5" name="com.dsalgo.qa.testcases.DSPageTest" time="8.208" errors="0" timestamp="2022-08-26T20:34:32 CDT" skipped="0">
  <testcase classname="com.dsalgo.qa.testcases.DSPageTest" name="clickGetStarted" time="0.302"/>
  <system-out/>
  <testcase classname="com.dsalgo.qa.testcases.DSPageTest" name="clickTimeComplexity" time="2.438"/>
  <system-out/>
  <testcase classname="com.dsalgo.qa.testcases.DSPageTest" name="clickDataStructureTimeComplexity" time="0.174"/>
  <system-out/>
  <testcase classname="com.dsalgo.qa.testcases.DSPageTest" name="loadTryHere1" time="5.024"/>
  <system-out/>
  <testcase classname="com.dsalgo.qa.testcases.DSPageTest" name="clickPracticeQuestions" time="0.270"/>
  <system-out/>
</testsuite> <!-- com.dsalgo.qa.testcases.DSPageTest -->
