<?xml version="1.0" encoding="UTF-8"?>
<!-- Generated by org.testng.reporters.JUnitReportReporter -->
<testsuite hostname="LAPTOP-AGU9E2S5" failures="0" tests="10" name="com.dsalgo.qa.testcases.ArrayPageTest" time="14.289" errors="0" timestamp="2022-08-26T20:34:32 CDT" skipped="0">
  <testcase classname="com.dsalgo.qa.testcases.ArrayPageTest" name="clickonArrayGetStartedBtn" time="0.285"/>
  <system-out/>
  <testcase classname="com.dsalgo.qa.testcases.ArrayPageTest" name="clickArraysinPython" time="0.487"/>
  <system-out/>
  <testcase classname="com.dsalgo.qa.testcases.ArrayPageTest" name="loadTryHere2" time="4.946"/>
  <system-out/>
  <testcase classname="com.dsalgo.qa.testcases.ArrayPageTest" name="clickArraysUsingList" time="0.222"/>
  <system-out/>
  <testcase classname="com.dsalgo.qa.testcases.ArrayPageTest" name="loadTryHere3" time="2.583"/>
  <system-out/>
  <testcase classname="com.dsalgo.qa.testcases.ArrayPageTest" name="clickBasicOperationList" time="0.224"/>
  <system-out/>
  <testcase classname="com.dsalgo.qa.testcases.ArrayPageTest" name="loadTryHere4" time="2.501"/>
  <system-out/>
  <testcase classname="com.dsalgo.qa.testcases.ArrayPageTest" name="clickApplicationsOfArray" time="0.247"/>
  <system-out/>
  <testcase classname="com.dsalgo.qa.testcases.ArrayPageTest" name="loadTryHere5" time="2.483"/>
  <system-out/>
  <testcase classname="com.dsalgo.qa.testcases.ArrayPageTest" name="clickPracticeQuestions" time="0.311"/>
  <system-out/>
</testsuite> <!-- com.dsalgo.qa.testcases.ArrayPageTest -->
