<?xml version="1.0" encoding="UTF-8"?>
<!-- Generated by org.testng.reporters.JUnitReportReporter -->
<testsuite hostname="LAPTOP-AGU9E2S5" failures="0" tests="4" name="com.dsalgo.qa.testcases.RegisterPageTest" time="16.407" errors="0" timestamp="2022-08-26T20:34:32 CDT" skipped="0">
  <testcase classname="com.dsalgo.qa.testcases.RegisterPageTest" name="clickRegister" time="3.707"/>
  <system-out/>
  <testcase classname="com.dsalgo.qa.testcases.RegisterPageTest" name="testRegisterPagewithPasswordMismatch" time="4.113"/>
  <system-out/>
  <testcase classname="com.dsalgo.qa.testcases.RegisterPageTest" name="testRegistrationSuccess" time="4.466"/>
  <system-out/>
  <testcase classname="com.dsalgo.qa.testcases.RegisterPageTest" name="testRegistrationSuccess" time="4.121"/>
  <system-out/>
</testsuite> <!-- com.dsalgo.qa.testcases.RegisterPageTest -->
