<?xml version="1.0" encoding="UTF-8"?>
<!-- Generated by org.testng.reporters.JUnitReportReporter -->
<testsuite hostname="LAPTOP-AGU9E2S5" failures="0" tests="3" name="com.dsalgo.qa.testcases.PortalPageTest" time="13.355" errors="0" timestamp="2022-08-26T20:34:32 CDT" skipped="0">
  <testcase classname="com.dsalgo.qa.testcases.PortalPageTest" name="bannercontentTest" time="2.718"/>
  <system-out/>
  <testcase classname="com.dsalgo.qa.testcases.PortalPageTest" name="clickonGetStartedBtn" time="3.295"/>
  <system-out/>
  <testcase classname="com.dsalgo.qa.testcases.PortalPageTest" name="HomePageTitle" time="7.342"/>
  <system-out/>
</testsuite> <!-- com.dsalgo.qa.testcases.PortalPageTest -->
